RUN 000001 COMPLETED. OUTPUT IN FILE hydrogen.dat. 0.02 CPU SECONDS.
RUN 000002 COMPLETED. OUTPUT IN FILE helium.dat. 0.05 CPU SECONDS.
RUN 000003 COMPLETED. OUTPUT IN FILE lithium.dat. 0.15 CPU SECONDS.
RUN 000004 COMPLETED. OUTPUT IN FILE beryllium.dat. 0.17 CPU SECONDS.
RUN 000005 COMPLETED. OUTPUT IN FILE boron.dat. 0.20 CPU SECONDS.
RUN 000006 COMPLETED. OUTPUT IN FILE carbon.dat. 0.22 CPU SECONDS.
RUN 000007 COMPLETED. OUTPUT IN FILE nitogen.dat. 0.25 CPU SECONDS.
RUN 000008 COMPLETED. OUTPUT IN FILE oxygen.dat. 0.27 CPU SECONDS.
RUN 000009 COMPLETED. OUTPUT IN FILE fluorine.dat. 0.29 CPU SECONDS.
RUN 000010 COMPLETED. OUTPUT IN FILE neon.dat. 0.30 CPU SECONDS.
RUN 000011 COMPLETED. OUTPUT IN FILE sodium.dat. 0.80 CPU SECONDS.
RUN 000012 COMPLETED. OUTPUT IN FILE magnesium.dat. 0.83 CPU SECONDS.
RUN 000013 COMPLETED. OUTPUT IN FILE aluminium.dat. 0.86 CPU SECONDS.
RUN 000014 COMPLETED. OUTPUT IN FILE silicon.dat. 0.89 CPU SECONDS.
RUN 000015 COMPLETED. OUTPUT IN FILE phosphorus.dat. 0.92 CPU SECONDS.
RUN 000016 COMPLETED. OUTPUT IN FILE sulphur.dat. 0.95 CPU SECONDS.
RUN 000017 COMPLETED. OUTPUT IN FILE chlorine.dat. 0.98 CPU SECONDS.
RUN 000018 COMPLETED. OUTPUT IN FILE argon.dat. 1.00 CPU SECONDS.
RUN 000019 COMPLETED. OUTPUT IN FILE potassium.dat. 1.05 CPU SECONDS.
RUN 000020 COMPLETED. OUTPUT IN FILE calcium.dat. 1.10 CPU SECONDS.
RUN 000021 COMPLETED. OUTPUT IN FILE scandium.dat. 1.16 CPU SECONDS.
RUN 000022 COMPLETED. OUTPUT IN FILE titanium.dat. 1.22 CPU SECONDS.
RUN 000023 COMPLETED. OUTPUT IN FILE vanadium.dat. 1.28 CPU SECONDS.
RUN 000024 COMPLETED. OUTPUT IN FILE chromium.dat. 1.34 CPU SECONDS.
RUN 000025 COMPLETED. OUTPUT IN FILE manganese.dat. 1.40 CPU SECONDS.
RUN 000026 COMPLETED. OUTPUT IN FILE iron.dat. 1.47 CPU SECONDS.
RUN 000027 COMPLETED. OUTPUT IN FILE cobalt.dat. 1.55 CPU SECONDS.
RUN 000028 COMPLETED. OUTPUT IN FILE nickel.dat. 2.04 CPU SECONDS.
RUN 000029 COMPLETED. OUTPUT IN FILE copper.dat. 2.14 CPU SECONDS.
RUN 000030 COMPLETED. OUTPUT IN FILE zinc.dat. 2.25 CPU SECONDS.
RUN 000031 COMPLETED. OUTPUT IN FILE gallium.dat. 1.37 CPU SECONDS.
RUN 000032 COMPLETED. OUTPUT IN FILE germanium.dat. 1.47 CPU SECONDS.
RUN 000033 COMPLETED. OUTPUT IN FILE arsenic.dat. 1.57 CPU SECONDS.
RUN 000034 COMPLETED. OUTPUT IN FILE selenium.dat. 1.67 CPU SECONDS.
RUN 000035 COMPLETED. OUTPUT IN FILE bromine.dat. 1.77 CPU SECONDS.
RUN 000036 COMPLETED. OUTPUT IN FILE krypton.dat. 1.86 CPU SECONDS.
RUN 000037 COMPLETED. OUTPUT IN FILE rubidium.dat. 4.20 CPU SECONDS.
RUN 000038 COMPLETED. OUTPUT IN FILE strontium.dat. 4.40 CPU SECONDS.
RUN 000039 COMPLETED. OUTPUT IN FILE yttrium.dat. 1 UNDERFLOW WARNING. 4.70 CPU SECONDS.
RUN 000040 COMPLETED. OUTPUT IN FILE zirconium.dat. 2 UNDERFLOW WARNINGS. 5.00 CPU SECONDS.
RUN 000041 COMPLETED. OUTPUT IN FILE niobium.dat. 3 UNDERFLOW WARNINGS. 5.31 CPU SECONDS.
RUN 000042 COMPLETED. OUTPUT IN FILE molybdenum.dat. 4 UNDERFLOW WARNINGS. 5.62 CPU SECONDS.
RUN 000043 COMPLETED. OUTPUT IN FILE technetium.dat. 5 UNDERFLOW WARNINGS. 5.93 CPU SECONDS.
RUN 000044 COMPLETED. OUTPUT IN FILE ruthenium.dat. 5 UNDERFLOW WARNINGS. 6.24 CPU SECONDS.
RUN 000045 COMPLETED. OUTPUT IN FILE rhodium.dat. 4 UNDERFLOW WARNINGS. 6.55 CPU SECONDS.
RUN 000046 COMPLETED. OUTPUT IN FILE palladium.dat. 3 UNDERFLOW WARNINGS. 6.86 CPU SECONDS.
RUN 000047 COMPLETED. OUTPUT IN FILE silver.dat. 2 UNDERFLOW WARNINGS. 6.17 CPU SECONDS.
RUN 000048 COMPLETED. OUTPUT IN FILE cadmium.dat. 1 UNDERFLOW WARNING. 6.48 CPU SECONDS.
RUN 000049 COMPLETED. OUTPUT IN FILE indium.dat. 6.79 CPU SECONDS.
RUN 000050 COMPLETED. OUTPUT IN FILE tin.dat. 7.10 CPU SECONDS.
RUN 000051 COMPLETED. OUTPUT IN FILE antimony.dat. 7.40 CPU SECONDS.
RUN 000052 COMPLETED. OUTPUT IN FILE tellurium.dat. 7.70 CPU SECONDS.
RUN 000053 COMPLETED. OUTPUT IN FILE iodine.dat. 8.00 CPU SECONDS.
RUN 000054 COMPLETED. OUTPUT IN FILE xenon.dat. 8.30 CPU SECONDS.
RUN 000055 COMPLETED. OUTPUT IN FILE caesium.dat. 8.40 CPU SECONDS.
RUN 000056 COMPLETED. OUTPUT IN FILE barium.dat. 9.10 CPU SECONDS.
RUN 000057 COMPLETED. OUTPUT IN FILE lanthanum.dat. ALGORITHM DID NOT CONVERGE AFTER 100000 ITERATIONS. 30.45 CPU SECONDS.
RUN 000058 COMPLETED. OUTPUT IN FILE cerium.dat. ALGORITHM DID NOT CONVERGE AFTER 100000 ITERATIONS. 30.97 CPU SECONDS.
RUN 000059 COMPLETED. OUTPUT IN FILE praesodymium.dat. ALGORITHM DID NOT CONVERGE AFTER 100000 ITERATIONS. 31.02 CPU SECONDS.
RUN 000060 COMPLETED. OUTPUT IN FILE neodymium.dat. ALGORITHM DID NOT CONVERGE AFTER 100000 ITERATIONS. 31.25 CPU SECONDS.
RUN 000061 COMPLETED. OUTPUT IN FILE promethium.dat. ALGORITHM DID NOT CONVERGE AFTER 100000 ITERATIONS. 31.45 CPU SECONDS.
RUN 000062 COMPLETED. OUTPUT IN FILE samarium.dat. ALGORITHM DID NOT CONVERGE AFTER 100000 ITERATIONS. 31.67 CPU SECONDS.
RUN 000063 COMPLETED. OUTPUT IN FILE europium.dat. ALGORITHM DID NOT CONVERGE AFTER 100000 ITERATIONS. 31.80 CPU SECONDS.
RUN 000064 COMPLETED. OUTPUT IN FILE gadolinium.dat. OVERFLOW ERROR. 12.50 CPU SECONDS.
RUN 000065 COMPLETED. OUTPUT IN FILE terbium.dat. ALGORITHM DID NOT CONVERGE AFTER 100000 ITERATIONS. 32.01 CPU SECONDS.
RUN 000066 COMPLETED. OUTPUT IN FILE dysprosium.dat. ALGORITHM DID NOT CONVERGE AFTER 100000 ITERATIONS. 32.10 CPU SECONDS.
RUN 000067 COMPLETED. OUTPUT IN FILE holmium.dat. ALGORITHM DID NOT CONVERGE AFTER 100000 ITERATIONS. 32.22 CPU SECONDS.
RUN 000068 COMPLETED. OUTPUT IN FILE erbium.dat. ALGORITHM DID NOT CONVERGE AFTER 100000 ITERATIONS. 32.67 CPU SECONDS.
RUN 000069 COMPLETED. OUTPUT IN FILE thulium.dat. ALGORITHM DID NOT CONVERGE AFTER 100000 ITERATIONS. 32.71 CPU SECONDS.
RUN 000070 COMPLETED. OUTPUT IN FILE ytterbium.dat. ALGORITHM DID NOT CONVERGE AFTER 100000 ITERATIONS. 32.82 CPU SECONDS.
RUN 000071 COMPLETED. OUTPUT IN FILE lutetium.dat. ALGORITHM DID NOT CONVERGE AFTER 100000 ITERATIONS. 32.88 CPU SECONDS.
RUN 000072 COMPLETED. OUTPUT IN FILE hafnium.dat. 2 UNDERFLOW WARNINGS. 15.90 CPU SECONDS.
RUN 000073 COMPLETED. OUTPUT IN FILE tantalum.dat. 3 UNDERFLOW WARNINGS. 16.30 CPU SECONDS.
RUN 000074 COMPLETED. OUTPUT IN FILE tungsten.dat. 4 UNDERFLOW WARNINGS. 16.70 CPU SECONDS.
RUN 000075 COMPLETED. OUTPUT IN FILE rhenium.dat. 5 UNDERFLOW WARNINGS. 17.10 CPU SECONDS.
RUN 000076 COMPLETED. OUTPUT IN FILE osmium.dat. 5 UNDERFLOW WARNINGS. 17.40 CPU SECONDS.
RUN 000077 COMPLETED. OUTPUT IN FILE iridium.dat. 4 UNDERFLOW WARNINGS. 17.80 CPU SECONDS.
RUN 000078 COMPLETED. OUTPUT IN FILE platinum.dat. 3 UNDERFLOW WARNINGS. 18.20 CPU SECONDS.
RUN 000079 COMPLETED. OUTPUT IN FILE gold.dat. 2 UNDERFLOW WARNINGS. 18.60 CPU SECONDS.
RUN 000080 COMPLETED. OUTPUT IN FILE mercury.dat. 1 UNDERFLOW WARNING. 19.00 CPU SECONDS.
RUN 000081 COMPLETED. OUTPUT IN FILE thallium.dat. 19.40 CPU SECONDS.
RUN 000082 COMPLETED. OUTPUT IN FILE lead.dat. 19.80 CPU SECONDS.
RUN 000083 COMPLETED. OUTPUT IN FILE bismuth.dat. 20.20 CPU SECONDS.
RUN 000084 COMPLETED. OUTPUT IN FILE polonium.dat. 20.60 CPU SECONDS.
RUN 000085 COMPLETED. OUTPUT IN FILE astatine.dat. 21.00 CPU SECONDS.
RUN 000086 COMPLETED. OUTPUT IN FILE radon.dat. 21.40 CPU SECONDS.
RUN 000087 COMPLETED. OUTPUT IN FILE francium.dat. 22.04 CPU SECONDS.
RUN 000088 COMPLETED. OUTPUT IN FILE radium.dat. 22.66 CPU SECONDS.
RUN 000089 COMPLETED. OUTPUT IN FILE actinium.dat. ALGORITHM DID NOT CONVERGE AFTER 100000 ITERATIONS. 32.91 CPU SECONDS.
RUN 000090 COMPLETED. OUTPUT IN FILE thorium.dat. ALGORITHM DID NOT CONVERGE AFTER 100000 ITERATIONS. 32.95 CPU SECONDS.
RUN 000091 COMPLETED. OUTPUT IN FILE protactinium.dat. ALGORITHM DID NOT CONVERGE AFTER 100000 ITERATIONS. 32.97 CPU SECONDS.
RUN 000092 COMPLETED. OUTPUT IN FILE uranium.dat. ALGORITHM DID NOT CONVERGE AFTER 100000 ITERATIONS. 32.98 CPU SECONDS.
